Performing C SOURCE FILE Test CMAKE_HAVE_LIBC_PTHREAD failed with the following output:
Change Dir: /home/student/git/SCMS-Fetch/fetch_follow_target/build/CMakeFiles/CMakeTmp

Run Build Command(s):/usr/bin/make cmTC_9dbf0/fast && /usr/bin/make -f CMakeFiles/cmTC_9dbf0.dir/build.make CMakeFiles/cmTC_9dbf0.dir/build
make[1]: Entering directory '/home/student/git/SCMS-Fetch/fetch_follow_target/build/CMakeFiles/CMakeTmp'
Building C object CMakeFiles/cmTC_9dbf0.dir/src.c.o
/usr/bin/cc   -DCMAKE_HAVE_LIBC_PTHREAD   -o CMakeFiles/cmTC_9dbf0.dir/src.c.o   -c /home/student/git/SCMS-Fetch/fetch_follow_target/build/CMakeFiles/CMakeTmp/src.c
Linking C executable cmTC_9dbf0
/usr/bin/cmake -E cmake_link_script CMakeFiles/cmTC_9dbf0.dir/link.txt --verbose=1
/usr/bin/cc  -DCMAKE_HAVE_LIBC_PTHREAD    CMakeFiles/cmTC_9dbf0.dir/src.c.o  -o cmTC_9dbf0 
/usr/bin/ld: CMakeFiles/cmTC_9dbf0.dir/src.c.o: in function `main':
src.c:(.text+0x46): undefined reference to `pthread_create'
/usr/bin/ld: src.c:(.text+0x52): undefined reference to `pthread_detach'
/usr/bin/ld: src.c:(.text+0x63): undefined reference to `pthread_join'
collect2: error: ld returned 1 exit status
make[1]: *** [CMakeFiles/cmTC_9dbf0.dir/build.make:87: cmTC_9dbf0] Error 1
make[1]: Leaving directory '/home/student/git/SCMS-Fetch/fetch_follow_target/build/CMakeFiles/CMakeTmp'
make: *** [Makefile:121: cmTC_9dbf0/fast] Error 2


Source file was:
#include <pthread.h>

void* test_func(void* data)
{
  return data;
}

int main(void)
{
  pthread_t thread;
  pthread_create(&thread, NULL, test_func, NULL);
  pthread_detach(thread);
  pthread_join(thread, NULL);
  pthread_atfork(NULL, NULL, NULL);
  pthread_exit(NULL);

  return 0;
}

Determining if the function pthread_create exists in the pthreads failed with the following output:
Change Dir: /home/student/git/SCMS-Fetch/fetch_follow_target/build/CMakeFiles/CMakeTmp

Run Build Command(s):/usr/bin/make cmTC_4f6f5/fast && /usr/bin/make -f CMakeFiles/cmTC_4f6f5.dir/build.make CMakeFiles/cmTC_4f6f5.dir/build
make[1]: Entering directory '/home/student/git/SCMS-Fetch/fetch_follow_target/build/CMakeFiles/CMakeTmp'
Building C object CMakeFiles/cmTC_4f6f5.dir/CheckFunctionExists.c.o
/usr/bin/cc   -DCHECK_FUNCTION_EXISTS=pthread_create   -o CMakeFiles/cmTC_4f6f5.dir/CheckFunctionExists.c.o   -c /usr/share/cmake-3.16/Modules/CheckFunctionExists.c
Linking C executable cmTC_4f6f5
/usr/bin/cmake -E cmake_link_script CMakeFiles/cmTC_4f6f5.dir/link.txt --verbose=1
/usr/bin/cc  -DCHECK_FUNCTION_EXISTS=pthread_create    CMakeFiles/cmTC_4f6f5.dir/CheckFunctionExists.c.o  -o cmTC_4f6f5  -lpthreads 
/usr/bin/ld: cannot find -lpthreads
collect2: error: ld returned 1 exit status
make[1]: *** [CMakeFiles/cmTC_4f6f5.dir/build.make:87: cmTC_4f6f5] Error 1
make[1]: Leaving directory '/home/student/git/SCMS-Fetch/fetch_follow_target/build/CMakeFiles/CMakeTmp'
make: *** [Makefile:121: cmTC_4f6f5/fast] Error 2



Performing C SOURCE FILE Test CMAKE_HAVE_LIBC_PTHREAD failed with the following output:
Change Dir: /home/student/git/SCMS-Fetch/fetch_follow_target/build/CMakeFiles/CMakeTmp

Run Build Command(s):/usr/bin/make cmTC_c7263/fast && /usr/bin/make -f CMakeFiles/cmTC_c7263.dir/build.make CMakeFiles/cmTC_c7263.dir/build
make[1]: Entering directory '/home/student/git/SCMS-Fetch/fetch_follow_target/build/CMakeFiles/CMakeTmp'
Building C object CMakeFiles/cmTC_c7263.dir/src.c.o
/usr/bin/cc   -DCMAKE_HAVE_LIBC_PTHREAD   -o CMakeFiles/cmTC_c7263.dir/src.c.o   -c /home/student/git/SCMS-Fetch/fetch_follow_target/build/CMakeFiles/CMakeTmp/src.c
Linking C executable cmTC_c7263
/usr/bin/cmake -E cmake_link_script CMakeFiles/cmTC_c7263.dir/link.txt --verbose=1
/usr/bin/cc  -DCMAKE_HAVE_LIBC_PTHREAD    CMakeFiles/cmTC_c7263.dir/src.c.o  -o cmTC_c7263 
/usr/bin/ld: CMakeFiles/cmTC_c7263.dir/src.c.o: in function `main':
src.c:(.text+0x46): undefined reference to `pthread_create'
/usr/bin/ld: src.c:(.text+0x52): undefined reference to `pthread_detach'
/usr/bin/ld: src.c:(.text+0x63): undefined reference to `pthread_join'
collect2: error: ld returned 1 exit status
make[1]: *** [CMakeFiles/cmTC_c7263.dir/build.make:87: cmTC_c7263] Error 1
make[1]: Leaving directory '/home/student/git/SCMS-Fetch/fetch_follow_target/build/CMakeFiles/CMakeTmp'
make: *** [Makefile:121: cmTC_c7263/fast] Error 2


Source file was:
#include <pthread.h>

void* test_func(void* data)
{
  return data;
}

int main(void)
{
  pthread_t thread;
  pthread_create(&thread, NULL, test_func, NULL);
  pthread_detach(thread);
  pthread_join(thread, NULL);
  pthread_atfork(NULL, NULL, NULL);
  pthread_exit(NULL);

  return 0;
}

Determining if the function pthread_create exists in the pthreads failed with the following output:
Change Dir: /home/student/git/SCMS-Fetch/fetch_follow_target/build/CMakeFiles/CMakeTmp

Run Build Command(s):/usr/bin/make cmTC_ea145/fast && /usr/bin/make -f CMakeFiles/cmTC_ea145.dir/build.make CMakeFiles/cmTC_ea145.dir/build
make[1]: Entering directory '/home/student/git/SCMS-Fetch/fetch_follow_target/build/CMakeFiles/CMakeTmp'
Building C object CMakeFiles/cmTC_ea145.dir/CheckFunctionExists.c.o
/usr/bin/cc   -DCHECK_FUNCTION_EXISTS=pthread_create   -o CMakeFiles/cmTC_ea145.dir/CheckFunctionExists.c.o   -c /usr/share/cmake-3.16/Modules/CheckFunctionExists.c
Linking C executable cmTC_ea145
/usr/bin/cmake -E cmake_link_script CMakeFiles/cmTC_ea145.dir/link.txt --verbose=1
/usr/bin/cc  -DCHECK_FUNCTION_EXISTS=pthread_create    CMakeFiles/cmTC_ea145.dir/CheckFunctionExists.c.o  -o cmTC_ea145  -lpthreads 
/usr/bin/ld: cannot find -lpthreads
collect2: error: ld returned 1 exit status
make[1]: *** [CMakeFiles/cmTC_ea145.dir/build.make:87: cmTC_ea145] Error 1
make[1]: Leaving directory '/home/student/git/SCMS-Fetch/fetch_follow_target/build/CMakeFiles/CMakeTmp'
make: *** [Makefile:121: cmTC_ea145/fast] Error 2



